C:\WINDOWS\MICROSOFT.NET\FRAMEWORK\V4.0.30319\CLR.DLL
D:\ZFM_PROJECT\SLS_3D\DEBUG\STRUCTUREDLIGHT3DRECONSTRUCTION.EXE
D:\ZFM_PROJECT\SLS_3D\DEBUG\STRUCTUREDLIGHT3DRECONSTRUCTION.ILK
D:\ZFM_PROJECT\SLS_3D\DEBUG\STRUCTUREDLIGHT3DRECONSTRUCTION.PDB
D:\ZFM_PROJECT\SLS_3D\STRUCTUREDLIGHT3DRECONSTRUCTION\DEBUG\BILATERALFILTER.OBJ
D:\zfm_project\SLS_3D\StructuredLight3DReconstruction\Debug\cl.command.1.tlog
D:\zfm_project\SLS_3D\StructuredLight3DReconstruction\Debug\CL.read.1.tlog
D:\zfm_project\SLS_3D\StructuredLight3DReconstruction\Debug\CL.write.1.tlog
D:\zfm_project\SLS_3D\StructuredLight3DReconstruction\Debug\link.command.1.tlog
D:\zfm_project\SLS_3D\StructuredLight3DReconstruction\Debug\link.read.1.tlog
D:\zfm_project\SLS_3D\StructuredLight3DReconstruction\Debug\link.write.1.tlog
D:\ZFM_PROJECT\SLS_3D\STRUCTUREDLIGHT3DRECONSTRUCTION\DEBUG\MAIN.OBJ
D:\zfm_project\SLS_3D\StructuredLight3DReconstruction\Debug\mt.command.1.tlog
D:\zfm_project\SLS_3D\StructuredLight3DReconstruction\Debug\mt.read.1.tlog
D:\zfm_project\SLS_3D\StructuredLight3DReconstruction\Debug\mt.write.1.tlog
D:\ZFM_PROJECT\SLS_3D\STRUCTUREDLIGHT3DRECONSTRUCTION\DEBUG\POINTGREYCAMERA.OBJ
D:\ZFM_PROJECT\SLS_3D\STRUCTUREDLIGHT3DRECONSTRUCTION\DEBUG\SLSMAINWND.OBJ
D:\ZFM_PROJECT\SLS_3D\STRUCTUREDLIGHT3DRECONSTRUCTION\DEBUG\SLSPARAM.OBJ
D:\ZFM_PROJECT\SLS_3D\STRUCTUREDLIGHT3DRECONSTRUCTION\DEBUG\STRUCTUREDLIGHT3DRECONSTRUCTION.EXE.INTERMEDIATE.MANIFEST
D:\zfm_project\SLS_3D\StructuredLight3DReconstruction\Debug\vc100.idb
D:\ZFM_PROJECT\SLS_3D\STRUCTUREDLIGHT3DRECONSTRUCTION\DEBUG\VC100.PDB
